# JRE version: Java(TM) SE Runtime Environment (8.0_71-b15) (build 1.8.0_71-b15)
# Java VM: Java HotSpot(TM) 64-Bit Server VM (25.71-b15 mixed mode windows-amd64 compressed oops)
Heap:
 PSYoungGen      total 104960K, used 47527K [0x00000000e0780000, 0x00000000e7680000, 0x0000000100000000)
  eden space 97792K, 42% used [0x00000000e0780000,0x00000000e3014438,0x00000000e6700000)
  from space 7168K, 83% used [0x00000000e6e80000,0x00000000e7455948,0x00000000e7580000)
  to   space 7680K, 0% used [0x00000000e6700000,0x00000000e6700000,0x00000000e6e80000)
 ParOldGen       total 65536K, used 3592K [0x00000000a1600000, 0x00000000a5600000, 0x00000000e0780000)
  object space 65536K, 5% used [0x00000000a1600000,0x00000000a1982000,0x00000000a5600000)
 Metaspace       used 5274K, capacity 5923K, committed 6016K, reserved 1056768K
  class space    used 507K, capacity 560K, committed 640K, reserved 1048576K
GC Heap History (10 events):
Event: 0.554 GC heap before
{Heap before GC invocations=2 (full 0):
 PSYoungGen      total 28672K, used 26931K [0x00000000e0780000, 0x00000000e2780000, 0x0000000100000000)
  eden space 24576K, 100% used [0x00000000e0780000,0x00000000e1f80000,0x00000000e1f80000)
  from space 4096K, 57% used [0x00000000e1f80000,0x00000000e21ccf20,0x00000000e2380000)
  to   space 4096K, 0% used [0x00000000e2380000,0x00000000e2380000,0x00000000e2780000)
 ParOldGen       total 65536K, used 8K [0x00000000a1600000, 0x00000000a5600000, 0x00000000e0780000)
  object space 65536K, 0% used [0x00000000a1600000,0x00000000a1602000,0x00000000a5600000)
 Metaspace       used 5057K, capacity 5763K, committed 6016K, reserved 1056768K
  class space    used 495K, capacity 528K, committed 640K, reserved 1048576K
Event: 0.558 GC heap after
Heap after GC invocations=2 (full 0):
 PSYoungGen      total 28672K, used 2844K [0x00000000e0780000, 0x00000000e3f80000, 0x0000000100000000)
  eden space 24576K, 0% used [0x00000000e0780000,0x00000000e0780000,0x00000000e1f80000)
  from space 4096K, 69% used [0x00000000e2380000,0x00000000e2647358,0x00000000e2780000)
  to   space 4096K, 0% used [0x00000000e1f80000,0x00000000e1f80000,0x00000000e2380000)
 ParOldGen       total 65536K, used 16K [0x00000000a1600000, 0x00000000a5600000, 0x00000000e0780000)
  object space 65536K, 0% used [0x00000000a1600000,0x00000000a1604000,0x00000000a5600000)
 Metaspace       used 5057K, capacity 5763K, committed 6016K, reserved 1056768K
  class space    used 495K, capacity 528K, committed 640K, reserved 1048576K
}
Event: 0.583 GC heap before
{Heap before GC invocations=3 (full 0):
 PSYoungGen      total 28672K, used 27420K [0x00000000e0780000, 0x00000000e3f80000, 0x0000000100000000)
  eden space 24576K, 100% used [0x00000000e0780000,0x00000000e1f80000,0x00000000e1f80000)
  from space 4096K, 69% used [0x00000000e2380000,0x00000000e2647358,0x00000000e2780000)
  to   space 4096K, 0% used [0x00000000e1f80000,0x00000000e1f80000,0x00000000e2380000)
 ParOldGen       total 65536K, used 16K [0x00000000a1600000, 0x00000000a5600000, 0x00000000e0780000)
  object space 65536K, 0% used [0x00000000a1600000,0x00000000a1604000,0x00000000a5600000)
 Metaspace       used 5063K, capacity 5763K, committed 6016K, reserved 1056768K
  class space    used 495K, capacity 528K, committed 640K, reserved 1048576K
Event: 0.588 GC heap after
Heap after GC invocations=3 (full 0):
 PSYoungGen      total 28672K, used 3807K [0x00000000e0780000, 0x00000000e3f80000, 0x0000000100000000)
  eden space 24576K, 0% used [0x00000000e0780000,0x00000000e0780000,0x00000000e1f80000)
  from space 4096K, 92% used [0x00000000e1f80000,0x00000000e2337cd0,0x00000000e2380000)
  to   space 4096K, 0% used [0x00000000e3b80000,0x00000000e3b80000,0x00000000e3f80000)
 ParOldGen       total 65536K, used 16K [0x00000000a1600000, 0x00000000a5600000, 0x00000000e0780000)
  object space 65536K, 0% used [0x00000000a1600000,0x00000000a1604000,0x00000000a5600000)
 Metaspace       used 5063K, capacity 5763K, committed 6016K, reserved 1056768K
  class space    used 495K, capacity 528K, committed 640K, reserved 1048576K
}
Event: 0.620 GC heap before
{Heap before GC invocations=4 (full 0):
 PSYoungGen      total 28672K, used 28383K [0x00000000e0780000, 0x00000000e3f80000, 0x0000000100000000)
  eden space 24576K, 100% used [0x00000000e0780000,0x00000000e1f80000,0x00000000e1f80000)
  from space 4096K, 92% used [0x00000000e1f80000,0x00000000e2337cd0,0x00000000e2380000)
  to   space 4096K, 0% used [0x00000000e3b80000,0x00000000e3b80000,0x00000000e3f80000)
 ParOldGen       total 65536K, used 16K [0x00000000a1600000, 0x00000000a5600000, 0x00000000e0780000)
  object space 65536K, 0% used [0x00000000a1600000,0x00000000a1604000,0x00000000a5600000)
 Metaspace       used 5076K, capacity 5763K, committed 6016K, reserved 1056768K
  class space    used 495K, capacity 528K, committed 640K, reserved 1048576K
Event: 0.630 GC heap after
Heap after GC invocations=4 (full 0):
 PSYoungGen      total 53248K, used 4069K [0x00000000e0780000, 0x00000000e3f80000, 0x0000000100000000)
  eden space 49152K, 0% used [0x00000000e0780000,0x00000000e0780000,0x00000000e3780000)
  from space 4096K, 99% used [0x00000000e3b80000,0x00000000e3f796d0,0x00000000e3f80000)
  to   space 4096K, 0% used [0x00000000e3780000,0x00000000e3780000,0x00000000e3b80000)
 ParOldGen       total 65536K, used 1664K [0x00000000a1600000, 0x00000000a5600000, 0x00000000e0780000)
  object space 65536K, 2% used [0x00000000a1600000,0x00000000a17a0000,0x00000000a5600000)
 Metaspace       used 5076K, capacity 5763K, committed 6016K, reserved 1056768K
  class space    used 495K, capacity 528K, committed 640K, reserved 1048576K
}
Event: 0.701 GC heap before
{Heap before GC invocations=5 (full 0):
 PSYoungGen      total 53248K, used 53221K [0x00000000e0780000, 0x00000000e3f80000, 0x0000000100000000)
  eden space 49152K, 100% used [0x00000000e0780000,0x00000000e3780000,0x00000000e3780000)
  from space 4096K, 99% used [0x00000000e3b80000,0x00000000e3f796d0,0x00000000e3f80000)
  to   space 4096K, 0% used [0x00000000e3780000,0x00000000e3780000,0x00000000e3b80000)
 ParOldGen       total 65536K, used 1664K [0x00000000a1600000, 0x00000000a5600000, 0x00000000e0780000)
  object space 65536K, 2% used [0x00000000a1600000,0x00000000a17a0000,0x00000000a5600000)
 Metaspace       used 5076K, capacity 5763K, committed 6016K, reserved 1056768K
  class space    used 495K, capacity 528K, committed 640K, reserved 1048576K
Event: 0.711 GC heap after
Heap after GC invocations=5 (full 0):
 PSYoungGen      total 53248K, used 4093K [0x00000000e0780000, 0x00000000e7580000, 0x0000000100000000)
  eden space 49152K, 0% used [0x00000000e0780000,0x00000000e0780000,0x00000000e3780000)
  from space 4096K, 99% used [0x00000000e3780000,0x00000000e3b7f6c8,0x00000000e3b80000)
  to   space 7168K, 0% used [0x00000000e6e80000,0x00000000e6e80000,0x00000000e7580000)
 ParOldGen       total 65536K, used 3592K [0x00000000a1600000, 0x00000000a5600000, 0x00000000e0780000)
  object space 65536K, 5% used [0x00000000a1600000,0x00000000a1982000,0x00000000a5600000)
 Metaspace       used 5076K, capacity 5763K, committed 6016K, reserved 1056768K
  class space    used 495K, capacity 528K, committed 640K, reserved 1048576K
}
Event: 0.763 GC heap before
{Heap before GC invocations=6 (full 0):
 PSYoungGen      total 53248K, used 53245K [0x00000000e0780000, 0x00000000e7580000, 0x0000000100000000)
  eden space 49152K, 100% used [0x00000000e0780000,0x00000000e3780000,0x00000000e3780000)
  from space 4096K, 99% used [0x00000000e3780000,0x00000000e3b7f6c8,0x00000000e3b80000)
  to   space 7168K, 0% used [0x00000000e6e80000,0x00000000e6e80000,0x00000000e7580000)
 ParOldGen       total 65536K, used 3592K [0x00000000a1600000, 0x00000000a5600000, 0x00000000e0780000)
  object space 65536K, 5% used [0x00000000a1600000,0x00000000a1982000,0x00000000a5600000)
 Metaspace       used 5076K, capacity 5763K, committed 6016K, reserved 1056768K
  class space    used 495K, capacity 528K, committed 640K, reserved 1048576K
Event: 0.773 GC heap after
Heap after GC invocations=6 (full 0):
 PSYoungGen      total 104960K, used 5974K [0x00000000e0780000, 0x00000000e7680000, 0x0000000100000000)
  eden space 97792K, 0% used [0x00000000e0780000,0x00000000e0780000,0x00000000e6700000)
  from space 7168K, 83% used [0x00000000e6e80000,0x00000000e7455948,0x00000000e7580000)
  to   space 7680K, 0% used [0x00000000e6700000,0x00000000e6700000,0x00000000e6e80000)
 ParOldGen       total 65536K, used 3592K [0x00000000a1600000, 0x00000000a5600000, 0x00000000e0780000)
  object space 65536K, 5% used [0x00000000a1600000,0x00000000a1982000,0x00000000a5600000)
 Metaspace       used 5076K, capacity 5763K, committed 6016K, reserved 1056768K
  class space    used 495K, capacity 528K, committed 640K, reserved 1048576K
}

