# JRE version: Java(TM) SE Runtime Environment (8.0_71-b15) (build 1.8.0_71-b15)
# Java VM: Java HotSpot(TM) 64-Bit Server VM (25.71-b15 mixed mode windows-amd64 compressed oops)
Heap:
 PSYoungGen      total 104960K, used 48411K [0x00000000e0780000, 0x00000000e7680000, 0x0000000100000000)
  eden space 97792K, 43% used [0x00000000e0780000,0x00000000e30f2a90,0x00000000e6700000)
  from space 7168K, 83% used [0x00000000e6e80000,0x00000000e74541b8,0x00000000e7580000)
  to   space 7680K, 0% used [0x00000000e6700000,0x00000000e6700000,0x00000000e6e80000)
 ParOldGen       total 65536K, used 3589K [0x00000000a1600000, 0x00000000a5600000, 0x00000000e0780000)
  object space 65536K, 5% used [0x00000000a1600000,0x00000000a19817a0,0x00000000a5600000)
 Metaspace       used 5274K, capacity 5987K, committed 6272K, reserved 1056768K
  class space    used 507K, capacity 560K, committed 640K, reserved 1048576K
GC Heap History (10 events):
Event: 0.558 GC heap before
{Heap before GC invocations=2 (full 0):
 PSYoungGen      total 28672K, used 26931K [0x00000000e0780000, 0x00000000e2780000, 0x0000000100000000)
  eden space 24576K, 100% used [0x00000000e0780000,0x00000000e1f80000,0x00000000e1f80000)
  from space 4096K, 57% used [0x00000000e1f80000,0x00000000e21ccf20,0x00000000e2380000)
  to   space 4096K, 0% used [0x00000000e2380000,0x00000000e2380000,0x00000000e2780000)
 ParOldGen       total 65536K, used 8K [0x00000000a1600000, 0x00000000a5600000, 0x00000000e0780000)
  object space 65536K, 0% used [0x00000000a1600000,0x00000000a1602000,0x00000000a5600000)
 Metaspace       used 5057K, capacity 5763K, committed 6016K, reserved 1056768K
  class space    used 495K, capacity 528K, committed 640K, reserved 1048576K
Event: 0.561 GC heap after
Heap after GC invocations=2 (full 0):
 PSYoungGen      total 28672K, used 2860K [0x00000000e0780000, 0x00000000e3f80000, 0x0000000100000000)
  eden space 24576K, 0% used [0x00000000e0780000,0x00000000e0780000,0x00000000e1f80000)
  from space 4096K, 69% used [0x00000000e2380000,0x00000000e264b348,0x00000000e2780000)
  to   space 4096K, 0% used [0x00000000e1f80000,0x00000000e1f80000,0x00000000e2380000)
 ParOldGen       total 65536K, used 16K [0x00000000a1600000, 0x00000000a5600000, 0x00000000e0780000)
  object space 65536K, 0% used [0x00000000a1600000,0x00000000a1604000,0x00000000a5600000)
 Metaspace       used 5057K, capacity 5763K, committed 6016K, reserved 1056768K
  class space    used 495K, capacity 528K, committed 640K, reserved 1048576K
}
Event: 0.590 GC heap before
{Heap before GC invocations=3 (full 0):
 PSYoungGen      total 28672K, used 27436K [0x00000000e0780000, 0x00000000e3f80000, 0x0000000100000000)
  eden space 24576K, 100% used [0x00000000e0780000,0x00000000e1f80000,0x00000000e1f80000)
  from space 4096K, 69% used [0x00000000e2380000,0x00000000e264b348,0x00000000e2780000)
  to   space 4096K, 0% used [0x00000000e1f80000,0x00000000e1f80000,0x00000000e2380000)
 ParOldGen       total 65536K, used 16K [0x00000000a1600000, 0x00000000a5600000, 0x00000000e0780000)
  object space 65536K, 0% used [0x00000000a1600000,0x00000000a1604000,0x00000000a5600000)
 Metaspace       used 5063K, capacity 5763K, committed 6016K, reserved 1056768K
  class space    used 495K, capacity 528K, committed 640K, reserved 1048576K
Event: 0.595 GC heap after
Heap after GC invocations=3 (full 0):
 PSYoungGen      total 28672K, used 3775K [0x00000000e0780000, 0x00000000e3f80000, 0x0000000100000000)
  eden space 24576K, 0% used [0x00000000e0780000,0x00000000e0780000,0x00000000e1f80000)
  from space 4096K, 92% used [0x00000000e1f80000,0x00000000e232fcd0,0x00000000e2380000)
  to   space 4096K, 0% used [0x00000000e3b80000,0x00000000e3b80000,0x00000000e3f80000)
 ParOldGen       total 65536K, used 16K [0x00000000a1600000, 0x00000000a5600000, 0x00000000e0780000)
  object space 65536K, 0% used [0x00000000a1600000,0x00000000a1604000,0x00000000a5600000)
 Metaspace       used 5063K, capacity 5763K, committed 6016K, reserved 1056768K
  class space    used 495K, capacity 528K, committed 640K, reserved 1048576K
}
Event: 0.642 GC heap before
{Heap before GC invocations=4 (full 0):
 PSYoungGen      total 28672K, used 28351K [0x00000000e0780000, 0x00000000e3f80000, 0x0000000100000000)
  eden space 24576K, 100% used [0x00000000e0780000,0x00000000e1f80000,0x00000000e1f80000)
  from space 4096K, 92% used [0x00000000e1f80000,0x00000000e232fcd0,0x00000000e2380000)
  to   space 4096K, 0% used [0x00000000e3b80000,0x00000000e3b80000,0x00000000e3f80000)
 ParOldGen       total 65536K, used 16K [0x00000000a1600000, 0x00000000a5600000, 0x00000000e0780000)
  object space 65536K, 0% used [0x00000000a1600000,0x00000000a1604000,0x00000000a5600000)
 Metaspace       used 5077K, capacity 5763K, committed 6016K, reserved 1056768K
  class space    used 495K, capacity 528K, committed 640K, reserved 1048576K
Event: 0.669 GC heap after
Heap after GC invocations=4 (full 0):
 PSYoungGen      total 53248K, used 4079K [0x00000000e0780000, 0x00000000e3f80000, 0x0000000100000000)
  eden space 49152K, 0% used [0x00000000e0780000,0x00000000e0780000,0x00000000e3780000)
  from space 4096K, 99% used [0x00000000e3b80000,0x00000000e3f7bf30,0x00000000e3f80000)
  to   space 4096K, 0% used [0x00000000e3780000,0x00000000e3780000,0x00000000e3b80000)
 ParOldGen       total 65536K, used 1645K [0x00000000a1600000, 0x00000000a5600000, 0x00000000e0780000)
  object space 65536K, 2% used [0x00000000a1600000,0x00000000a179b7a0,0x00000000a5600000)
 Metaspace       used 5077K, capacity 5763K, committed 6016K, reserved 1056768K
  class space    used 495K, capacity 528K, committed 640K, reserved 1048576K
}
Event: 0.725 GC heap before
{Heap before GC invocations=5 (full 0):
 PSYoungGen      total 53248K, used 53231K [0x00000000e0780000, 0x00000000e3f80000, 0x0000000100000000)
  eden space 49152K, 100% used [0x00000000e0780000,0x00000000e3780000,0x00000000e3780000)
  from space 4096K, 99% used [0x00000000e3b80000,0x00000000e3f7bf30,0x00000000e3f80000)
  to   space 4096K, 0% used [0x00000000e3780000,0x00000000e3780000,0x00000000e3b80000)
 ParOldGen       total 65536K, used 1645K [0x00000000a1600000, 0x00000000a5600000, 0x00000000e0780000)
  object space 65536K, 2% used [0x00000000a1600000,0x00000000a179b7a0,0x00000000a5600000)
 Metaspace       used 5077K, capacity 5763K, committed 6016K, reserved 1056768K
  class space    used 495K, capacity 528K, committed 640K, reserved 1048576K
Event: 0.757 GC heap after
Heap after GC invocations=5 (full 0):
 PSYoungGen      total 53248K, used 4087K [0x00000000e0780000, 0x00000000e7580000, 0x0000000100000000)
  eden space 49152K, 0% used [0x00000000e0780000,0x00000000e0780000,0x00000000e3780000)
  from space 4096K, 99% used [0x00000000e3780000,0x00000000e3b7df38,0x00000000e3b80000)
  to   space 7168K, 0% used [0x00000000e6e80000,0x00000000e6e80000,0x00000000e7580000)
 ParOldGen       total 65536K, used 3589K [0x00000000a1600000, 0x00000000a5600000, 0x00000000e0780000)
  object space 65536K, 5% used [0x00000000a1600000,0x00000000a19817a0,0x00000000a5600000)
 Metaspace       used 5077K, capacity 5763K, committed 6016K, reserved 1056768K
  class space    used 495K, capacity 528K, committed 640K, reserved 1048576K
}
Event: 0.808 GC heap before
{Heap before GC invocations=6 (full 0):
 PSYoungGen      total 53248K, used 53239K [0x00000000e0780000, 0x00000000e7580000, 0x0000000100000000)
  eden space 49152K, 100% used [0x00000000e0780000,0x00000000e3780000,0x00000000e3780000)
  from space 4096K, 99% used [0x00000000e3780000,0x00000000e3b7df38,0x00000000e3b80000)
  to   space 7168K, 0% used [0x00000000e6e80000,0x00000000e6e80000,0x00000000e7580000)
 ParOldGen       total 65536K, used 3589K [0x00000000a1600000, 0x00000000a5600000, 0x00000000e0780000)
  object space 65536K, 5% used [0x00000000a1600000,0x00000000a19817a0,0x00000000a5600000)
 Metaspace       used 5077K, capacity 5763K, committed 6016K, reserved 1056768K
  class space    used 495K, capacity 528K, committed 640K, reserved 1048576K
Event: 0.818 GC heap after
Heap after GC invocations=6 (full 0):
 PSYoungGen      total 104960K, used 5968K [0x00000000e0780000, 0x00000000e7680000, 0x0000000100000000)
  eden space 97792K, 0% used [0x00000000e0780000,0x00000000e0780000,0x00000000e6700000)
  from space 7168K, 83% used [0x00000000e6e80000,0x00000000e74541b8,0x00000000e7580000)
  to   space 7680K, 0% used [0x00000000e6700000,0x00000000e6700000,0x00000000e6e80000)
 ParOldGen       total 65536K, used 3589K [0x00000000a1600000, 0x00000000a5600000, 0x00000000e0780000)
  object space 65536K, 5% used [0x00000000a1600000,0x00000000a19817a0,0x00000000a5600000)
 Metaspace       used 5077K, capacity 5763K, committed 6016K, reserved 1056768K
  class space    used 495K, capacity 528K, committed 640K, reserved 1048576K
}

